tapnix-keyboard/app/build/intermediates/manifest_merge_blame_file/debug/processDebugMainManifest/manifest-merger-blame-debug-report.txt
1<?xml version="1.0" encoding="utf-8"?>
2<manifest xmlns:android="http://schemas.android.com/apk/res/android"
3    package="com.tapnix.keyboard.debug"
4    android:versionCode="1"
5    android:versionName="1.0.0" >
6
7    <uses-sdk
8        android:minSdkVersion="31"
9        android:targetSdkVersion="35" />
10
11    <!-- Core permissions (preserved from original) -->
12    <uses-permission android:name="android.permission.VIBRATE" />
12-->src/main/AndroidManifest.xml:6:5-66
12-->src/main/AndroidManifest.xml:6:22-63
13    <uses-permission android:name="android.permission.RECEIVE_BOOT_COMPLETED" />
13-->src/main/AndroidManifest.xml:7:5-81
13-->src/main/AndroidManifest.xml:7:22-78
14    <uses-permission android:name="android.permission.READ_CLIPBOARD_IN_BACKGROUND" />
14-->src/main/AndroidManifest.xml:8:5-10:47
14-->src/main/AndroidManifest.xml:9:9-71
15
16    <!-- Voice typing hook (microphone access for future voice typing integration) -->
17    <uses-permission android:name="android.permission.RECORD_AUDIO" />
17-->src/main/AndroidManifest.xml:13:5-71
17-->src/main/AndroidManifest.xml:13:22-68
18
19    <!-- Internet access — required for future GIF/Tenor API integration -->
20    <uses-permission android:name="android.permission.INTERNET" />
20-->src/main/AndroidManifest.xml:16:5-67
20-->src/main/AndroidManifest.xml:16:22-64
21    <uses-permission android:name="android.permission.ACCESS_NETWORK_STATE" />
21-->src/main/AndroidManifest.xml:17:5-79
21-->src/main/AndroidManifest.xml:17:22-76
22
23    <permission
23-->[androidx.core:core:1.15.0] AndroidManifest.xml:22:5-24:47
24        android:name="com.tapnix.keyboard.debug.DYNAMIC_RECEIVER_NOT_EXPORTED_PERMISSION"
24-->[androidx.core:core:1.15.0] AndroidManifest.xml:23:9-81
25        android:protectionLevel="signature" />
25-->[androidx.core:core:1.15.0] AndroidManifest.xml:24:9-44
26
27    <uses-permission android:name="com.tapnix.keyboard.debug.DYNAMIC_RECEIVER_NOT_EXPORTED_PERMISSION" />
27-->[androidx.core:core:1.15.0] AndroidManifest.xml:26:5-97
27-->[androidx.core:core:1.15.0] AndroidManifest.xml:26:22-94
28
29    <application
29-->src/main/AndroidManifest.xml:19:5-71:19
30        android:name="com.tapnix.keyboard.TapNixApplication"
30-->src/main/AndroidManifest.xml:20:9-42
31        android:allowBackup="true"
31-->src/main/AndroidManifest.xml:21:9-35
32        android:appComponentFactory="androidx.core.app.CoreComponentFactory"
32-->[androidx.core:core:1.15.0] AndroidManifest.xml:28:18-86
33        android:debuggable="true"
34        android:extractNativeLibs="false"
35        android:hardwareAccelerated="true"
35-->src/main/AndroidManifest.xml:27:9-43
36        android:icon="@mipmap/ic_launcher"
36-->src/main/AndroidManifest.xml:23:9-43
37        android:label="@string/app_name"
37-->src/main/AndroidManifest.xml:22:9-41
38        android:largeHeap="false"
38-->src/main/AndroidManifest.xml:28:9-34
39        android:roundIcon="@mipmap/ic_launcher_round"
39-->src/main/AndroidManifest.xml:24:9-54
40        android:supportsRtl="true"
40-->src/main/AndroidManifest.xml:25:9-35
41        android:theme="@style/Theme.TapNix" >
41-->src/main/AndroidManifest.xml:26:9-44
42
43        <!-- Launcher Activity -->
44        <activity
44-->src/main/AndroidManifest.xml:32:9-42:20
45            android:name="com.tapnix.keyboard.MainActivity"
45-->src/main/AndroidManifest.xml:33:13-41
46            android:exported="true"
46-->src/main/AndroidManifest.xml:34:13-36
47            android:label="@string/app_name"
47-->src/main/AndroidManifest.xml:35:13-45
48            android:theme="@style/Theme.TapNix"
48-->src/main/AndroidManifest.xml:37:13-48
49            android:windowSoftInputMode="adjustResize" >
49-->src/main/AndroidManifest.xml:36:13-55
50            <intent-filter>
50-->src/main/AndroidManifest.xml:38:13-41:29
51                <action android:name="android.intent.action.MAIN" />
51-->src/main/AndroidManifest.xml:39:17-69
51-->src/main/AndroidManifest.xml:39:25-66
52
53                <category android:name="android.intent.category.LAUNCHER" />
53-->src/main/AndroidManifest.xml:40:17-77
53-->src/main/AndroidManifest.xml:40:27-74
54            </intent-filter>
55        </activity>
56
57        <!-- IME Service — runs in a separate :keyboard process for isolation -->
58        <service
58-->src/main/AndroidManifest.xml:45:9-57:19
59            android:name="com.tapnix.keyboard.ime.TapNixIMEService"
59-->src/main/AndroidManifest.xml:46:13-49
60            android:exported="true"
60-->src/main/AndroidManifest.xml:47:13-36
61            android:label="@string/ime_name"
61-->src/main/AndroidManifest.xml:48:13-45
62            android:permission="android.permission.BIND_INPUT_METHOD"
62-->src/main/AndroidManifest.xml:49:13-70
63            android:process=":keyboard" >
63-->src/main/AndroidManifest.xml:50:13-40
64            <intent-filter>
64-->src/main/AndroidManifest.xml:51:13-53:29
65                <action android:name="android.view.InputMethod" />
65-->src/main/AndroidManifest.xml:52:17-67
65-->src/main/AndroidManifest.xml:52:25-64
66            </intent-filter>
67
68            <meta-data
68-->src/main/AndroidManifest.xml:54:13-56:50
69                android:name="android.view.im"
69-->src/main/AndroidManifest.xml:55:17-47
70                android:resource="@xml/method" />
70-->src/main/AndroidManifest.xml:56:17-47
71        </service>
72
73        <!-- Settings Activity -->
74        <activity
74-->src/main/AndroidManifest.xml:60:9-69:20
75            android:name="com.tapnix.keyboard.ui.settings.SettingsActivity"
75-->src/main/AndroidManifest.xml:61:13-57
76            android:exported="true"
76-->src/main/AndroidManifest.xml:62:13-36
77            android:label="@string/settings_title"
77-->src/main/AndroidManifest.xml:63:13-51
78            android:parentActivityName="com.tapnix.keyboard.MainActivity"
78-->src/main/AndroidManifest.xml:65:13-55
79            android:theme="@style/Theme.TapNix" >
79-->src/main/AndroidManifest.xml:64:13-48
80            <intent-filter>
80-->src/main/AndroidManifest.xml:66:13-68:29
81                <action android:name="android.intent.action.MAIN" />
81-->src/main/AndroidManifest.xml:39:17-69
81-->src/main/AndroidManifest.xml:39:25-66
82            </intent-filter>
83        </activity>
84        <activity
84-->[androidx.compose.ui:ui-tooling-android:1.7.6] AndroidManifest.xml:23:9-25:39
85            android:name="androidx.compose.ui.tooling.PreviewActivity"
85-->[androidx.compose.ui:ui-tooling-android:1.7.6] AndroidManifest.xml:24:13-71
86            android:exported="true" />
86-->[androidx.compose.ui:ui-tooling-android:1.7.6] AndroidManifest.xml:25:13-36
87        <activity
87-->[androidx.compose.ui:ui-test-manifest:1.7.6] AndroidManifest.xml:23:9-25:39
88            android:name="androidx.activity.ComponentActivity"
88-->[androidx.compose.ui:ui-test-manifest:1.7.6] AndroidManifest.xml:24:13-63
89            android:exported="true" />
89-->[androidx.compose.ui:ui-test-manifest:1.7.6] AndroidManifest.xml:25:13-36
90
91        <provider
91-->[androidx.emoji2:emoji2:1.3.0] AndroidManifest.xml:24:9-32:20
92            android:name="androidx.startup.InitializationProvider"
92-->[androidx.emoji2:emoji2:1.3.0] AndroidManifest.xml:25:13-67
93            android:authorities="com.tapnix.keyboard.debug.androidx-startup"
93-->[androidx.emoji2:emoji2:1.3.0] AndroidManifest.xml:26:13-68
94            android:exported="false" >
94-->[androidx.emoji2:emoji2:1.3.0] AndroidManifest.xml:27:13-37
95            <meta-data
95-->[androidx.emoji2:emoji2:1.3.0] AndroidManifest.xml:29:13-31:52
96                android:name="androidx.emoji2.text.EmojiCompatInitializer"
96-->[androidx.emoji2:emoji2:1.3.0] AndroidManifest.xml:30:17-75
97                android:value="androidx.startup" />
97-->[androidx.emoji2:emoji2:1.3.0] AndroidManifest.xml:31:17-49
98            <meta-data
98-->[androidx.lifecycle:lifecycle-process:2.8.7] AndroidManifest.xml:29:13-31:52
99                android:name="androidx.lifecycle.ProcessLifecycleInitializer"
99-->[androidx.lifecycle:lifecycle-process:2.8.7] AndroidManifest.xml:30:17-78
100                android:value="androidx.startup" />
100-->[androidx.lifecycle:lifecycle-process:2.8.7] AndroidManifest.xml:31:17-49
101            <meta-data
101-->[androidx.profileinstaller:profileinstaller:1.4.0] AndroidManifest.xml:29:13-31:52
102                android:name="androidx.profileinstaller.ProfileInstallerInitializer"
102-->[androidx.profileinstaller:profileinstaller:1.4.0] AndroidManifest.xml:30:17-85
103                android:value="androidx.startup" />
103-->[androidx.profileinstaller:profileinstaller:1.4.0] AndroidManifest.xml:31:17-49
104        </provider>
105
106        <service
106-->[androidx.room:room-runtime:2.6.1] AndroidManifest.xml:24:9-28:63
107            android:name="androidx.room.MultiInstanceInvalidationService"
107-->[androidx.room:room-runtime:2.6.1] AndroidManifest.xml:25:13-74
108            android:directBootAware="true"
108-->[androidx.room:room-runtime:2.6.1] AndroidManifest.xml:26:13-43
109            android:exported="false" />
109-->[androidx.room:room-runtime:2.6.1] AndroidManifest.xml:27:13-37
110
111        <receiver
111-->[androidx.profileinstaller:profileinstaller:1.4.0] AndroidManifest.xml:34:9-52:20
112            android:name="androidx.profileinstaller.ProfileInstallReceiver"
112-->[androidx.profileinstaller:profileinstaller:1.4.0] AndroidManifest.xml:35:13-76
113            android:directBootAware="false"
113-->[androidx.profileinstaller:profileinstaller:1.4.0] AndroidManifest.xml:36:13-44
114            android:enabled="true"
114-->[androidx.profileinstaller:profileinstaller:1.4.0] AndroidManifest.xml:37:13-35
115            android:exported="true"
115-->[androidx.profileinstaller:profileinstaller:1.4.0] AndroidManifest.xml:38:13-36
116            android:permission="android.permission.DUMP" >
116-->[androidx.profileinstaller:profileinstaller:1.4.0] AndroidManifest.xml:39:13-57
117            <intent-filter>
117-->[androidx.profileinstaller:profileinstaller:1.4.0] AndroidManifest.xml:40:13-42:29
118                <action android:name="androidx.profileinstaller.action.INSTALL_PROFILE" />
118-->[androidx.profileinstaller:profileinstaller:1.4.0] AndroidManifest.xml:41:17-91
118-->[androidx.profileinstaller:profileinstaller:1.4.0] AndroidManifest.xml:41:25-88
119            </intent-filter>
120            <intent-filter>
120-->[androidx.profileinstaller:profileinstaller:1.4.0] AndroidManifest.xml:43:13-45:29
121                <action android:name="androidx.profileinstaller.action.SKIP_FILE" />
121-->[androidx.profileinstaller:profileinstaller:1.4.0] AndroidManifest.xml:44:17-85
121-->[androidx.profileinstaller:profileinstaller:1.4.0] AndroidManifest.xml:44:25-82
122            </intent-filter>
123            <intent-filter>
123-->[androidx.profileinstaller:profileinstaller:1.4.0] AndroidManifest.xml:46:13-48:29
124                <action android:name="androidx.profileinstaller.action.SAVE_PROFILE" />
124-->[androidx.profileinstaller:profileinstaller:1.4.0] AndroidManifest.xml:47:17-88
124-->[androidx.profileinstaller:profileinstaller:1.4.0] AndroidManifest.xml:47:25-85
125            </intent-filter>
126            <intent-filter>
126-->[androidx.profileinstaller:profileinstaller:1.4.0] AndroidManifest.xml:49:13-51:29
127                <action android:name="androidx.profileinstaller.action.BENCHMARK_OPERATION" />
127-->[androidx.profileinstaller:profileinstaller:1.4.0] AndroidManifest.xml:50:17-95
127-->[androidx.profileinstaller:profileinstaller:1.4.0] AndroidManifest.xml:50:25-92
128            </intent-filter>
129        </receiver>
130    </application>
131
132</manifest>